  Camera.cpp
  GLRenderSystem.cpp
  GLWindow.cpp
  main.cpp
C:\Users\lesec\Desktop\ComputerGraphics\lab2\lab2\main.cpp(247,31): warning C4244: 'initializing': conversion from 'double' to 'float', possible loss of data
C:\Users\lesec\Desktop\ComputerGraphics\lab2\lab2\main.cpp(249,66): warning C4244: '=': conversion from 'double' to 'T', possible loss of data
          with
          [
              T=float
          ]
C:\Users\lesec\Desktop\ComputerGraphics\lab2\lab2\main.cpp(250,17): warning C4244: '=': conversion from 'double' to 'T', possible loss of data
          with
          [
              T=float
          ]
C:\Users\lesec\Desktop\ComputerGraphics\lab2\lab2\main.cpp(258,23): warning C4244: '=': conversion from 'double' to 'T', possible loss of data
          with
          [
              T=float
          ]
C:\Users\lesec\Desktop\ComputerGraphics\lab2\lab2\main.cpp(278,35): warning C4244: 'initializing': conversion from 'double' to 'float', possible loss of data
C:\Users\lesec\Desktop\ComputerGraphics\lab2\lab2\main.cpp(280,70): warning C4244: '=': conversion from 'double' to 'T', possible loss of data
          with
          [
              T=float
          ]
C:\Users\lesec\Desktop\ComputerGraphics\lab2\lab2\main.cpp(281,21): warning C4244: '=': conversion from 'double' to 'T', possible loss of data
          with
          [
              T=float
          ]
C:\Users\lesec\Desktop\ComputerGraphics\lab2\lab2\main.cpp(290,27): warning C4244: '=': conversion from 'double' to 'T', possible loss of data
          with
          [
              T=float
          ]
C:\Users\lesec\Desktop\ComputerGraphics\lab2\lab2\main.cpp(298,37): warning C4305: 'initializing': truncation from 'double' to 'float'
  Viewport.cpp
  Generating Code...
  glad.c
  LINK : C:\Users\lesec\Desktop\ComputerGraphics\lab2\x64\Debug\lab2.exe not found or not built by the last incremental link; performing full link
LINK : warning LNK4098: defaultlib 'MSVCRT' conflicts with use of other libs; use /NODEFAULTLIB:library
  lab2.vcxproj -> C:\Users\lesec\Desktop\ComputerGraphics\lab2\x64\Debug\lab2.exe
